# JRE version: OpenJDK Runtime Environment (16.0.1+9) (build 16.0.1+9-24)
# Java VM: OpenJDK 64-Bit Server VM (16.0.1+9-24, mixed mode, tiered, compressed oops, compressed class ptrs, g1 gc, linux-amd64)
GC Precious Log:
 CPUs: 8 total, 8 available
 Memory: 15804M
 Large Page Support: Disabled
 NUMA Support: Disabled
 Compressed Oops: Enabled (Zero based)
 Heap Region Size: 2M
 Heap Min Capacity: 8M
 Heap Initial Capacity: 248M
 Heap Max Capacity: 3952M
 Pre-touch: Disabled
 Parallel Workers: 8
 Concurrent Workers: 2
 Concurrent Refinement Workers: 8
 Periodic GC: Disabled
Heap:
 garbage-first heap   total 108544K, used 79324K [0x0000000709000000, 0x0000000800000000)
  region size 2048K, 26 young (53248K), 2 survivors (4096K)
 Metaspace       used 78151K, committed 78656K, reserved 1122304K
  class space    used 9619K, committed 9856K, reserved 1048576K
GC Heap History (20 events):
Event: 4,335 GC heap before
{Heap before GC invocations=13 (full 0):
 garbage-first heap   total 77824K, used 58239K [0x0000000709000000, 0x0000000800000000)
  region size 2048K, 22 young (45056K), 2 survivors (4096K)
 Metaspace       used 50995K, committed 51328K, reserved 1097728K
  class space    used 6114K, committed 6272K, reserved 1048576K
}
Event: 4,345 GC heap after
{Heap after GC invocations=14 (full 0):
 garbage-first heap   total 155648K, used 19631K [0x0000000709000000, 0x0000000800000000)
  region size 2048K, 3 young (6144K), 3 survivors (6144K)
 Metaspace       used 50995K, committed 51328K, reserved 1097728K
  class space    used 6114K, committed 6272K, reserved 1048576K
}
Event: 4,996 GC heap before
{Heap before GC invocations=14 (full 0):
 garbage-first heap   total 155648K, used 103599K [0x0000000709000000, 0x0000000800000000)
  region size 2048K, 45 young (92160K), 3 survivors (6144K)
 Metaspace       used 58092K, committed 58368K, reserved 1105920K
  class space    used 7110K, committed 7232K, reserved 1048576K
}
Event: 5,011 GC heap after
{Heap after GC invocations=15 (full 0):
 garbage-first heap   total 155648K, used 21431K [0x0000000709000000, 0x0000000800000000)
  region size 2048K, 4 young (8192K), 4 survivors (8192K)
 Metaspace       used 58092K, committed 58368K, reserved 1105920K
  class space    used 7110K, committed 7232K, reserved 1048576K
}
Event: 5,303 GC heap before
{Heap before GC invocations=15 (full 0):
 garbage-first heap   total 155648K, used 41911K [0x0000000709000000, 0x0000000800000000)
  region size 2048K, 15 young (30720K), 4 survivors (8192K)
 Metaspace       used 59673K, committed 59968K, reserved 1105920K
  class space    used 7324K, committed 7488K, reserved 1048576K
}
Event: 5,311 GC heap after
{Heap after GC invocations=16 (full 0):
 garbage-first heap   total 155648K, used 22294K [0x0000000709000000, 0x0000000800000000)
  region size 2048K, 3 young (6144K), 3 survivors (6144K)
 Metaspace       used 59673K, committed 59968K, reserved 1105920K
  class space    used 7324K, committed 7488K, reserved 1048576K
}
Event: 6,263 GC heap before
{Heap before GC invocations=17 (full 0):
 garbage-first heap   total 90112K, used 69398K [0x0000000709000000, 0x0000000800000000)
  region size 2048K, 26 young (53248K), 3 survivors (6144K)
 Metaspace       used 63443K, committed 63808K, reserved 1105920K
  class space    used 7824K, committed 8000K, reserved 1048576K
}
Event: 6,275 GC heap after
{Heap after GC invocations=18 (full 0):
 garbage-first heap   total 90112K, used 24040K [0x0000000709000000, 0x0000000800000000)
  region size 2048K, 3 young (6144K), 3 survivors (6144K)
 Metaspace       used 63443K, committed 63808K, reserved 1105920K
  class space    used 7824K, committed 8000K, reserved 1048576K
}
Event: 6,725 GC heap before
{Heap before GC invocations=18 (full 0):
 garbage-first heap   total 90112K, used 69096K [0x0000000709000000, 0x0000000800000000)
  region size 2048K, 25 young (51200K), 3 survivors (6144K)
 Metaspace       used 66352K, committed 66688K, reserved 1114112K
  class space    used 8175K, committed 8320K, reserved 1048576K
}
Event: 6,735 GC heap after
{Heap after GC invocations=19 (full 0):
 garbage-first heap   total 90112K, used 25103K [0x0000000709000000, 0x0000000800000000)
  region size 2048K, 2 young (4096K), 2 survivors (4096K)
 Metaspace       used 66352K, committed 66688K, reserved 1114112K
  class space    used 8175K, committed 8320K, reserved 1048576K
}
Event: 7,236 GC heap before
{Heap before GC invocations=19 (full 0):
 garbage-first heap   total 90112K, used 70159K [0x0000000709000000, 0x0000000800000000)
  region size 2048K, 24 young (49152K), 2 survivors (4096K)
 Metaspace       used 68311K, committed 68672K, reserved 1114112K
  class space    used 8412K, committed 8576K, reserved 1048576K
}
Event: 7,245 GC heap after
{Heap after GC invocations=20 (full 0):
 garbage-first heap   total 108544K, used 26696K [0x0000000709000000, 0x0000000800000000)
  region size 2048K, 3 young (6144K), 3 survivors (6144K)
 Metaspace       used 68311K, committed 68672K, reserved 1114112K
  class space    used 8412K, committed 8576K, reserved 1048576K
}
Event: 38,778 GC heap before
{Heap before GC invocations=20 (full 0):
 garbage-first heap   total 108544K, used 84040K [0x0000000709000000, 0x0000000800000000)
  region size 2048K, 31 young (63488K), 3 survivors (6144K)
 Metaspace       used 72884K, committed 73280K, reserved 1114112K
  class space    used 9025K, committed 9216K, reserved 1048576K
}
Event: 38,784 GC heap after
{Heap after GC invocations=21 (full 0):
 garbage-first heap   total 108544K, used 28962K [0x0000000709000000, 0x0000000800000000)
  region size 2048K, 3 young (6144K), 3 survivors (6144K)
 Metaspace       used 72884K, committed 73280K, reserved 1114112K
  class space    used 9025K, committed 9216K, reserved 1048576K
}
Event: 1775,598 GC heap before
{Heap before GC invocations=21 (full 0):
 garbage-first heap   total 108544K, used 82210K [0x0000000709000000, 0x0000000800000000)
  region size 2048K, 30 young (61440K), 3 survivors (6144K)
 Metaspace       used 77631K, committed 78080K, reserved 1122304K
  class space    used 9616K, committed 9856K, reserved 1048576K
}
Event: 1775,602 GC heap after
{Heap after GC invocations=22 (full 0):
 garbage-first heap   total 108544K, used 30516K [0x0000000709000000, 0x0000000800000000)
  region size 2048K, 3 young (6144K), 3 survivors (6144K)
 Metaspace       used 77631K, committed 78080K, reserved 1122304K
  class space    used 9616K, committed 9856K, reserved 1048576K
}
Event: 7076,644 GC heap before
{Heap before GC invocations=22 (full 0):
 garbage-first heap   total 108544K, used 85812K [0x0000000709000000, 0x0000000800000000)
  region size 2048K, 30 young (61440K), 3 survivors (6144K)
 Metaspace       used 77938K, committed 78400K, reserved 1122304K
  class space    used 9619K, committed 9856K, reserved 1048576K
}
Event: 7076,649 GC heap after
{Heap after GC invocations=23 (full 0):
 garbage-first heap   total 108544K, used 31702K [0x0000000709000000, 0x0000000800000000)
  region size 2048K, 3 young (6144K), 3 survivors (6144K)
 Metaspace       used 77938K, committed 78400K, reserved 1122304K
  class space    used 9619K, committed 9856K, reserved 1048576K
}
Event: 10672,282 GC heap before
{Heap before GC invocations=23 (full 0):
 garbage-first heap   total 108544K, used 86998K [0x0000000709000000, 0x0000000800000000)
  region size 2048K, 30 young (61440K), 3 survivors (6144K)
 Metaspace       used 78069K, committed 78528K, reserved 1122304K
  class space    used 9619K, committed 9856K, reserved 1048576K
}
Event: 10672,289 GC heap after
{Heap after GC invocations=24 (full 0):
 garbage-first heap   total 108544K, used 32220K [0x0000000709000000, 0x0000000800000000)
  region size 2048K, 2 young (4096K), 2 survivors (4096K)
 Metaspace       used 78069K, committed 78528K, reserved 1122304K
  class space    used 9619K, committed 9856K, reserved 1048576K
}

